<?xml version="1.0" encoding="UTF-8"?>
<testng-results ignored="0" total="1" passed="1" failed="0" skipped="0">
  <reporter-output>
  </reporter-output>
  <suite started-at="2025-04-17T17:49:23 EDT" name="Default suite" finished-at="2025-04-17T17:49:31 EDT" duration-ms="7366">
    <groups>
    </groups>
    <test started-at="2025-04-17T17:49:23 EDT" name="Default test" finished-at="2025-04-17T17:49:31 EDT" duration-ms="7366">
      <class name="com.demowebshop.tests.NavigationFlowTest">
        <test-method is-config="true" signature="setUp()[pri:0, instance:com.demowebshop.tests.NavigationFlowTest@55182842]" started-at="2025-04-17T17:49:23 EDT" name="setUp" finished-at="2025-04-17T17:49:28 EDT" duration-ms="4497" status="PASS">
          <reporter-output>
          </reporter-output>
        </test-method> <!-- setUp -->
        <test-method signature="scrollToFooterTest()[pri:0, instance:com.demowebshop.tests.NavigationFlowTest@55182842]" started-at="2025-04-17T17:49:28 EDT" name="scrollToFooterTest" finished-at="2025-04-17T17:49:31 EDT" duration-ms="2765" status="PASS">
          <reporter-output>
          </reporter-output>
        </test-method> <!-- scrollToFooterTest -->
        <test-method is-config="true" signature="tearDown()[pri:0, instance:com.demowebshop.tests.NavigationFlowTest@55182842]" started-at="2025-04-17T17:49:31 EDT" name="tearDown" finished-at="2025-04-17T17:49:31 EDT" duration-ms="88" status="PASS">
          <reporter-output>
          </reporter-output>
        </test-method> <!-- tearDown -->
      </class> <!-- com.demowebshop.tests.NavigationFlowTest -->
    </test> <!-- Default test -->
  </suite> <!-- Default suite -->
</testng-results>
